{"numTotalTestSuites":19,"numPassedTestSuites":5,"numFailedTestSuites":13,"numPendingTestSuites":1,"numTotalTests":22,"numPassedTests":6,"numFailedTests":5,"numPendingTests":9,"numTodoTests":1,"snapshot":{"added":0,"failure":false,"filesAdded":0,"filesRemoved":0,"filesRemovedList":[],"filesUnmatched":0,"filesUpdated":0,"matched":0,"total":0,"unchecked":0,"uncheckedKeysByFile":[],"unmatched":0,"updated":0,"didUpdate":false},"startTime":1789151987252,"success":false,"testResults":[{"assertionResults":[{"ancestorTitles":["ctl"],"fullName":"ctl p01a","status":"passed","title":"p01a","duration":1.6661000000000001,"failureMessages":[],"meta":{},"tags":[]},{"ancestorTitles":["ctl"],"fullName":"ctl p01b","status":"passed","title":"p01b","duration":0.23050000000000637,"failureMessages":[],"meta":{},"tags":[]}],"startTime":1789151988838,"endTime":1789151988840.2305,"status":"passed","message":"","name":"C:/Users/alexa/AppData/Local/Temp/claude/C--Users-alexa-OneDrive-Documents-Projects-Resume-Tailor/37b2d75b-41e4-42e5-9c06-ea583f90b4f5/scratchpad/chunks/T3/probes/4b-A/rec/g24/hello-world/planted/p01.pass.test.js"},{"assertionResults":[{"ancestorTitles":[],"fullName":"p02 passes","status":"passed","title":"p02 passes","duration":1.6394999999999982,"failureMessages":[],"meta":{},"tags":[]},{"ancestorTitles":[],"fullName":"p02 fails","status":"failed","title":"p02 fails","duration":5.415500000000009,"failureMessages":["AssertionError: expected 1 to be 2 // Object.is equality\n    at C:/Users/alexa/AppData/Local/Temp/claude/C--Users-alexa-OneDrive-Documents-Projects-Resume-Tailor/37b2d75b-41e4-42e5-9c06-ea583f90b4f5/scratchpad/chunks/T3/probes/4b-A/rec/g24/hello-world/planted/p02.fail.test.js:3:37\n    at file:///C:/Users/alexa/OneDrive/Documents/Projects/Resume-Tailor/hello-world/node_modules/@vitest/runner/dist/chunk-artifact.js:302:11\n    at file:///C:/Users/alexa/OneDrive/Documents/Projects/Resume-Tailor/hello-world/node_modules/@vitest/runner/dist/chunk-artifact.js:1903:26\n    at file:///C:/Users/alexa/OneDrive/Documents/Projects/Resume-Tailor/hello-world/node_modules/@vitest/runner/dist/chunk-artifact.js:2326:20\n    at new Promise (<anonymous>)\n    at runWithCancel (file:///C:/Users/alexa/OneDrive/Documents/Projects/Resume-Tailor/hello-world/node_modules/@vitest/runner/dist/chunk-artifact.js:2323:10)\n    at file:///C:/Users/alexa/OneDrive/Documents/Projects/Resume-Tailor/hello-world/node_modules/@vitest/runner/dist/chunk-artifact.js:2305:20\n    at new Promise (<anonymous>)\n    at runWithTimeout (file:///C:/Users/alexa/OneDrive/Documents/Projects/Resume-Tailor/hello-world/node_modules/@vitest/runner/dist/chunk-artifact.js:2272:10)\n    at file:///C:/Users/alexa/OneDrive/Documents/Projects/Resume-Tailor/hello-world/node_modules/@vitest/runner/dist/chunk-artifact.js:2955:64"],"meta":{},"tags":[]}],"startTime":1789151989673,"endTime":1789151989680.4155,"status":"failed","message":"","name":"C:/Users/alexa/AppData/Local/Temp/claude/C--Users-alexa-OneDrive-Documents-Projects-Resume-Tailor/37b2d75b-41e4-42e5-9c06-ea583f90b4f5/scratchpad/chunks/T3/probes/4b-A/rec/g24/hello-world/planted/p02.fail.test.js"},{"assertionResults":[],"startTime":1789151987252,"endTime":1789151987252,"status":"failed","message":"Cannot find module './does-not-exist.js' imported from C:/Users/alexa/AppData/Local/Temp/claude/C--Users-alexa-OneDrive-Documents-Projects-Resume-Tailor/37b2d75b-41e4-42e5-9c06-ea583f90b4f5/scratchpad/chunks/T3/probes/4b-A/rec/g24/hello-world/planted/p03.import.test.js","name":"C:/Users/alexa/AppData/Local/Temp/claude/C--Users-alexa-OneDrive-Documents-Projects-Resume-Tailor/37b2d75b-41e4-42e5-9c06-ea583f90b4f5/scratchpad/chunks/T3/probes/4b-A/rec/g24/hello-world/planted/p03.import.test.js"},{"assertionResults":[],"startTime":1789151987252,"endTime":1789151987252,"status":"failed","message":"Failed to parse source for import analysis because the content contains invalid JS syntax. If you are using JSX, make sure to name the file with the .jsx or .tsx extension.","name":"C:/Users/alexa/AppData/Local/Temp/claude/C--Users-alexa-OneDrive-Documents-Projects-Resume-Tailor/37b2d75b-41e4-42e5-9c06-ea583f90b4f5/scratchpad/chunks/T3/probes/4b-A/rec/g24/hello-world/planted/p04.syntax.test.js"},{"assertionResults":[{"ancestorTitles":[],"fullName":"p05a","status":"skipped","title":"p05a","failureMessages":[],"meta":{},"tags":[]},{"ancestorTitles":[],"fullName":"p05b","status":"skipped","title":"p05b","failureMessages":[],"meta":{},"tags":[]}],"startTime":1789151987252,"endTime":1789151987252,"status":"failed","message":"setup broke","name":"C:/Users/alexa/AppData/Local/Temp/claude/C--Users-alexa-OneDrive-Documents-Projects-Resume-Tailor/37b2d75b-41e4-42e5-9c06-ea583f90b4f5/scratchpad/chunks/T3/probes/4b-A/rec/g24/hello-world/planted/p05.beforeall.test.js"},{"assertionResults":[{"ancestorTitles":[],"fullName":"p06 passes but leaks a rejection","status":"passed","title":"p06 passes but leaks a rejection","duration":29.254099999999994,"failureMessages":[],"meta":{},"tags":[]}],"startTime":1789151987541,"endTime":1789151987570.2542,"status":"passed","message":"","name":"C:/Users/alexa/AppData/Local/Temp/claude/C--Users-alexa-OneDrive-Documents-Projects-Resume-Tailor/37b2d75b-41e4-42e5-9c06-ea583f90b4f5/scratchpad/chunks/T3/probes/4b-A/rec/g24/hello-world/planted/p06.unhandled.test.js"},{"assertionResults":[{"ancestorTitles":[],"fullName":"p07 kills its own worker","status":"pending","title":"p07 kills its own worker","failureMessages":[],"meta":{},"tags":[]}],"startTime":1789151987252,"endTime":1789151987252,"status":"passed","message":"","name":"C:/Users/alexa/AppData/Local/Temp/claude/C--Users-alexa-OneDrive-Documents-Projects-Resume-Tailor/37b2d75b-41e4-42e5-9c06-ea583f90b4f5/scratchpad/chunks/T3/probes/4b-A/rec/g24/hello-world/planted/p07.crash.test.js"},{"assertionResults":[{"ancestorTitles":[],"fullName":"p08a","status":"passed","title":"p08a","duration":1.6662999999999784,"failureMessages":[],"meta":{},"tags":[]}],"startTime":1789151989461,"endTime":1789151989462.6663,"status":"failed","message":"teardown broke","name":"C:/Users/alexa/AppData/Local/Temp/claude/C--Users-alexa-OneDrive-Documents-Projects-Resume-Tailor/37b2d75b-41e4-42e5-9c06-ea583f90b4f5/scratchpad/chunks/T3/probes/4b-A/rec/g24/hello-world/planted/p08.afterall.test.js"},{"assertionResults":[],"startTime":1789151987252,"endTime":1789151987252,"status":"failed","message":"No test suite found in file C:/Users/alexa/AppData/Local/Temp/claude/C--Users-alexa-OneDrive-Documents-Projects-Resume-Tailor/37b2d75b-41e4-42e5-9c06-ea583f90b4f5/scratchpad/chunks/T3/probes/4b-A/rec/g24/hello-world/planted/p09.empty.test.js","name":"C:/Users/alexa/AppData/Local/Temp/claude/C--Users-alexa-OneDrive-Documents-Projects-Resume-Tailor/37b2d75b-41e4-42e5-9c06-ea583f90b4f5/scratchpad/chunks/T3/probes/4b-A/rec/g24/hello-world/planted/p09.empty.test.js"},{"assertionResults":[{"ancestorTitles":[],"fullName":"p10 focused","status":"failed","title":"p10 focused","failureMessages":["Error: [Vitest] Unexpected .only modifier. Remove it or pass --allowOnly argument to bypass this error\n    at checkAllowOnly (file:///C:/Users/alexa/OneDrive/Documents/Projects/Resume-Tailor/hello-world/node_modules/@vitest/runner/dist/chunk-artifact.js:1036:29)\n    at file:///C:/Users/alexa/OneDrive/Documents/Projects/Resume-Tailor/hello-world/node_modules/@vitest/runner/dist/chunk-artifact.js:944:6\n    at Array.forEach (<anonymous>)\n    at traverseSuite (file:///C:/Users/alexa/OneDrive/Documents/Projects/Resume-Tailor/hello-world/node_modules/@vitest/runner/dist/chunk-artifact.js:930:15)\n    at interpretTaskModes (file:///C:/Users/alexa/OneDrive/Documents/Projects/Resume-Tailor/hello-world/node_modules/@vitest/runner/dist/chunk-artifact.js:990:2)\n    at file:///C:/Users/alexa/OneDrive/Documents/Projects/Resume-Tailor/hello-world/node_modules/@vitest/runner/dist/chunk-artifact.js:2497:4\n    at collectTests (file:///C:/Users/alexa/OneDrive/Documents/Projects/Resume-Tailor/hello-world/node_modules/@vitest/runner/dist/chunk-artifact.js:2433:3)\n    at startTests (file:///C:/Users/alexa/OneDrive/Documents/Projects/Resume-Tailor/hello-world/node_modules/@vitest/runner/dist/chunk-artifact.js:3278:17)\n    at file:///C:/Users/alexa/OneDrive/Documents/Projects/Resume-Tailor/hello-world/node_modules/vitest/dist/chunks/base.RR7zL1h0.js:90:5\n    at run (file:///C:/Users/alexa/OneDrive/Documents/Projects/Resume-Tailor/hello-world/node_modules/vitest/dist/chunks/base.RR7zL1h0.js:81:2)"],"meta":{},"tags":[]},{"ancestorTitles":[],"fullName":"p10 hidden failure","status":"skipped","title":"p10 hidden failure","failureMessages":[],"meta":{},"tags":[]}],"startTime":1789151987252,"endTime":1789151987252,"status":"failed","message":"","name":"C:/Users/alexa/AppData/Local/Temp/claude/C--Users-alexa-OneDrive-Documents-Projects-Resume-Tailor/37b2d75b-41e4-42e5-9c06-ea583f90b4f5/scratchpad/chunks/T3/probes/4b-A/rec/g24/hello-world/planted/p10.only.test.js"},{"assertionResults":[{"ancestorTitles":[],"fullName":"p11 focused through an alias","status":"failed","title":"p11 focused through an alias","failureMessages":["Error: [Vitest] Unexpected .only modifier. Remove it or pass --allowOnly argument to bypass this error\n    at checkAllowOnly (file:///C:/Users/alexa/OneDrive/Documents/Projects/Resume-Tailor/hello-world/node_modules/@vitest/runner/dist/chunk-artifact.js:1036:29)\n    at file:///C:/Users/alexa/OneDrive/Documents/Projects/Resume-Tailor/hello-world/node_modules/@vitest/runner/dist/chunk-artifact.js:944:6\n    at Array.forEach (<anonymous>)\n    at traverseSuite (file:///C:/Users/alexa/OneDrive/Documents/Projects/Resume-Tailor/hello-world/node_modules/@vitest/runner/dist/chunk-artifact.js:930:15)\n    at interpretTaskModes (file:///C:/Users/alexa/OneDrive/Documents/Projects/Resume-Tailor/hello-world/node_modules/@vitest/runner/dist/chunk-artifact.js:990:2)\n    at file:///C:/Users/alexa/OneDrive/Documents/Projects/Resume-Tailor/hello-world/node_modules/@vitest/runner/dist/chunk-artifact.js:2497:4\n    at collectTests (file:///C:/Users/alexa/OneDrive/Documents/Projects/Resume-Tailor/hello-world/node_modules/@vitest/runner/dist/chunk-artifact.js:2433:3)\n    at startTests (file:///C:/Users/alexa/OneDrive/Documents/Projects/Resume-Tailor/hello-world/node_modules/@vitest/runner/dist/chunk-artifact.js:3278:17)\n    at file:///C:/Users/alexa/OneDrive/Documents/Projects/Resume-Tailor/hello-world/node_modules/vitest/dist/chunks/base.RR7zL1h0.js:90:5\n    at run (file:///C:/Users/alexa/OneDrive/Documents/Projects/Resume-Tailor/hello-world/node_modules/vitest/dist/chunks/base.RR7zL1h0.js:81:2)"],"meta":{},"tags":[]},{"ancestorTitles":[],"fullName":"p11 hidden failure","status":"skipped","title":"p11 hidden failure","failureMessages":[],"meta":{},"tags":[]}],"startTime":1789151987252,"endTime":1789151987252,"status":"failed","message":"","name":"C:/Users/alexa/AppData/Local/Temp/claude/C--Users-alexa-OneDrive-Documents-Projects-Resume-Tailor/37b2d75b-41e4-42e5-9c06-ea583f90b4f5/scratchpad/chunks/T3/probes/4b-A/rec/g24/hello-world/planted/p11.onlyalias.test.js"},{"assertionResults":[{"ancestorTitles":["p12 grp"],"fullName":"p12 grp p12 focused","status":"skipped","title":"p12 focused","failureMessages":[],"meta":{},"tags":[]},{"ancestorTitles":[],"fullName":"p12 hidden failure","status":"skipped","title":"p12 hidden failure","failureMessages":[],"meta":{},"tags":[]}],"startTime":1789151987252,"endTime":1789151987252,"status":"failed","message":"","name":"C:/Users/alexa/AppData/Local/Temp/claude/C--Users-alexa-OneDrive-Documents-Projects-Resume-Tailor/37b2d75b-41e4-42e5-9c06-ea583f90b4f5/scratchpad/chunks/T3/probes/4b-A/rec/g24/hello-world/planted/p12.describeonly.test.js"},{"assertionResults":[{"ancestorTitles":[],"fullName":"p13 focused","status":"failed","title":"p13 focused","failureMessages":["Error: [Vitest] Unexpected .only modifier. Remove it or pass --allowOnly argument to bypass this error\n    at checkAllowOnly (file:///C:/Users/alexa/OneDrive/Documents/Projects/Resume-Tailor/hello-world/node_modules/@vitest/runner/dist/chunk-artifact.js:1036:29)\n    at file:///C:/Users/alexa/OneDrive/Documents/Projects/Resume-Tailor/hello-world/node_modules/@vitest/runner/dist/chunk-artifact.js:944:6\n    at Array.forEach (<anonymous>)\n    at traverseSuite (file:///C:/Users/alexa/OneDrive/Documents/Projects/Resume-Tailor/hello-world/node_modules/@vitest/runner/dist/chunk-artifact.js:930:15)\n    at interpretTaskModes (file:///C:/Users/alexa/OneDrive/Documents/Projects/Resume-Tailor/hello-world/node_modules/@vitest/runner/dist/chunk-artifact.js:990:2)\n    at file:///C:/Users/alexa/OneDrive/Documents/Projects/Resume-Tailor/hello-world/node_modules/@vitest/runner/dist/chunk-artifact.js:2497:4\n    at collectTests (file:///C:/Users/alexa/OneDrive/Documents/Projects/Resume-Tailor/hello-world/node_modules/@vitest/runner/dist/chunk-artifact.js:2433:3)\n    at startTests (file:///C:/Users/alexa/OneDrive/Documents/Projects/Resume-Tailor/hello-world/node_modules/@vitest/runner/dist/chunk-artifact.js:3278:17)\n    at file:///C:/Users/alexa/OneDrive/Documents/Projects/Resume-Tailor/hello-world/node_modules/vitest/dist/chunks/base.RR7zL1h0.js:90:5\n    at run (file:///C:/Users/alexa/OneDrive/Documents/Projects/Resume-Tailor/hello-world/node_modules/vitest/dist/chunks/base.RR7zL1h0.js:81:2)"],"meta":{},"tags":[]},{"ancestorTitles":[],"fullName":"p13 hidden failure","status":"skipped","title":"p13 hidden failure","failureMessages":[],"meta":{},"tags":[]}],"startTime":1789151987252,"endTime":1789151987252,"status":"failed","message":"","name":"C:/Users/alexa/AppData/Local/Temp/claude/C--Users-alexa-OneDrive-Documents-Projects-Resume-Tailor/37b2d75b-41e4-42e5-9c06-ea583f90b4f5/scratchpad/chunks/T3/probes/4b-A/rec/g24/hello-world/planted/p13.concurrentonly.test.js"},{"assertionResults":[{"ancestorTitles":[],"fullName":"p14a","status":"skipped","title":"p14a","failureMessages":[],"meta":{},"tags":[]},{"ancestorTitles":[],"fullName":"p14b","status":"skipped","title":"p14b","failureMessages":[],"meta":{},"tags":[]}],"startTime":1789151987252,"endTime":1789151987252,"status":"passed","message":"","name":"C:/Users/alexa/AppData/Local/Temp/claude/C--Users-alexa-OneDrive-Documents-Projects-Resume-Tailor/37b2d75b-41e4-42e5-9c06-ea583f90b4f5/scratchpad/chunks/T3/probes/4b-A/rec/g24/hello-world/planted/p14.skipped.test.js"},{"assertionResults":[{"ancestorTitles":[],"fullName":"p15 not written yet","status":"todo","title":"p15 not written yet","failureMessages":[],"meta":{},"tags":[]}],"startTime":1789151987252,"endTime":1789151987252,"status":"passed","message":"","name":"C:/Users/alexa/AppData/Local/Temp/claude/C--Users-alexa-OneDrive-Documents-Projects-Resume-Tailor/37b2d75b-41e4-42e5-9c06-ea583f90b4f5/scratchpad/chunks/T3/probes/4b-A/rec/g24/hello-world/planted/p15.todo.test.js"},{"assertionResults":[{"ancestorTitles":["p16 grp"],"fullName":"p16 grp p16 same name","status":"passed","title":"p16 same name","duration":1.9432999999999936,"failureMessages":[],"meta":{},"tags":[]},{"ancestorTitles":["p16 grp"],"fullName":"p16 grp p16 same name","status":"failed","title":"p16 same name","duration":6.189300000000003,"failureMessages":["AssertionError: expected 1 to be 2 // Object.is equality\n    at C:/Users/alexa/AppData/Local/Temp/claude/C--Users-alexa-OneDrive-Documents-Projects-Resume-Tailor/37b2d75b-41e4-42e5-9c06-ea583f90b4f5/scratchpad/chunks/T3/probes/4b-A/rec/g24/hello-world/planted/p16.dupname.test.js:4:43\n    at file:///C:/Users/alexa/OneDrive/Documents/Projects/Resume-Tailor/hello-world/node_modules/@vitest/runner/dist/chunk-artifact.js:302:11\n    at file:///C:/Users/alexa/OneDrive/Documents/Projects/Resume-Tailor/hello-world/node_modules/@vitest/runner/dist/chunk-artifact.js:1903:26\n    at file:///C:/Users/alexa/OneDrive/Documents/Projects/Resume-Tailor/hello-world/node_modules/@vitest/runner/dist/chunk-artifact.js:2326:20\n    at new Promise (<anonymous>)\n    at runWithCancel (file:///C:/Users/alexa/OneDrive/Documents/Projects/Resume-Tailor/hello-world/node_modules/@vitest/runner/dist/chunk-artifact.js:2323:10)\n    at file:///C:/Users/alexa/OneDrive/Documents/Projects/Resume-Tailor/hello-world/node_modules/@vitest/runner/dist/chunk-artifact.js:2305:20\n    at new Promise (<anonymous>)\n    at runWithTimeout (file:///C:/Users/alexa/OneDrive/Documents/Projects/Resume-Tailor/hello-world/node_modules/@vitest/runner/dist/chunk-artifact.js:2272:10)\n    at file:///C:/Users/alexa/OneDrive/Documents/Projects/Resume-Tailor/hello-world/node_modules/@vitest/runner/dist/chunk-artifact.js:2955:64"],"meta":{},"tags":[]}],"startTime":1789151988200,"endTime":1789151988208.1892,"status":"failed","message":"","name":"C:/Users/alexa/AppData/Local/Temp/claude/C--Users-alexa-OneDrive-Documents-Projects-Resume-Tailor/37b2d75b-41e4-42e5-9c06-ea583f90b4f5/scratchpad/chunks/T3/probes/4b-A/rec/g24/hello-world/planted/p16.dupname.test.js"}]}