{"numTotalTestSuites":3,"numPassedTestSuites":3,"numFailedTestSuites":0,"numPendingTestSuites":0,"numTotalTests":2,"numPassedTests":2,"numFailedTests":0,"numPendingTests":0,"numTodoTests":0,"snapshot":{"added":0,"failure":false,"filesAdded":0,"filesRemoved":0,"filesRemovedList":[],"filesUnmatched":0,"filesUpdated":0,"matched":0,"total":0,"unchecked":0,"uncheckedKeysByFile":[],"unmatched":0,"updated":0,"didUpdate":false},"startTime":1789151991168,"success":true,"testResults":[{"assertionResults":[{"ancestorTitles":[],"fullName":"q01","status":"passed","title":"q01","duration":1.6533999999999764,"failureMessages":[],"meta":{},"tags":[]}],"startTime":1789151991820,"endTime":1789151991821.6533,"status":"passed","message":"","name":"C:/Users/alexa/AppData/Local/Temp/claude/C--Users-alexa-OneDrive-Documents-Projects-Resume-Tailor/37b2d75b-41e4-42e5-9c06-ea583f90b4f5/scratchpad/chunks/T3/probes/4b-A/rec/g25/hello-world/planted/q01.pass.test.js"},{"assertionResults":[{"ancestorTitles":[],"fullName":"q02 returns before its timer throws","status":"passed","title":"q02 returns before its timer throws","duration":1.7134000000000071,"failureMessages":[],"meta":{},"tags":[]}],"startTime":1789151991406,"endTime":1789151991407.7134,"status":"passed","message":"","name":"C:/Users/alexa/AppData/Local/Temp/claude/C--Users-alexa-OneDrive-Documents-Projects-Resume-Tailor/37b2d75b-41e4-42e5-9c06-ea583f90b4f5/scratchpad/chunks/T3/probes/4b-A/rec/g25/hello-world/planted/q02.late.test.js"},{"assertionResults":[],"startTime":1789151991168,"endTime":1789151991168,"status":"passed","message":"","name":"C:/Users/alexa/AppData/Local/Temp/claude/C--Users-alexa-OneDrive-Documents-Projects-Resume-Tailor/37b2d75b-41e4-42e5-9c06-ea583f90b4f5/scratchpad/chunks/T3/probes/4b-A/rec/g25/hello-world/planted/q03.importkill.test.js"}]}