{"numTotalTestSuites":7,"numPassedTestSuites":6,"numFailedTestSuites":0,"numPendingTestSuites":1,"numTotalTests":1,"numPassedTests":1,"numFailedTests":0,"numPendingTests":0,"numTodoTests":0,"snapshot":{"added":0,"failure":false,"filesAdded":0,"filesRemoved":0,"filesRemovedList":[],"filesUnmatched":0,"filesUpdated":0,"matched":0,"total":0,"unchecked":0,"uncheckedKeysByFile":[],"unmatched":0,"updated":0,"didUpdate":false},"startTime":1789151992264,"success":true,"testResults":[{"assertionResults":[{"ancestorTitles":[],"fullName":"t01 control","status":"passed","title":"t01 control","duration":1.7053000000000225,"failureMessages":[],"meta":{},"tags":[]}],"startTime":1789151992706,"endTime":1789151992707.7053,"status":"passed","message":"","name":"C:/Users/alexa/AppData/Local/Temp/claude/C--Users-alexa-OneDrive-Documents-Projects-Resume-Tailor/37b2d75b-41e4-42e5-9c06-ea583f90b4f5/scratchpad/chunks/T3/probes/4b-A/rec/g28/hello-world/planted/t01.pass.test.js"},{"assertionResults":[],"startTime":1789151992264,"endTime":1789151992264,"status":"passed","message":"","name":"C:/Users/alexa/AppData/Local/Temp/claude/C--Users-alexa-OneDrive-Documents-Projects-Resume-Tailor/37b2d75b-41e4-42e5-9c06-ea583f90b4f5/scratchpad/chunks/T3/probes/4b-A/rec/g28/hello-world/planted/t02.describetodo.test.js"},{"assertionResults":[],"startTime":1789151992264,"endTime":1789151992264,"status":"passed","message":"","name":"C:/Users/alexa/AppData/Local/Temp/claude/C--Users-alexa-OneDrive-Documents-Projects-Resume-Tailor/37b2d75b-41e4-42e5-9c06-ea583f90b4f5/scratchpad/chunks/T3/probes/4b-A/rec/g28/hello-world/planted/t03.todothenkill.test.js"},{"assertionResults":[],"startTime":1789151992264,"endTime":1789151992264,"status":"passed","message":"","name":"C:/Users/alexa/AppData/Local/Temp/claude/C--Users-alexa-OneDrive-Documents-Projects-Resume-Tailor/37b2d75b-41e4-42e5-9c06-ea583f90b4f5/scratchpad/chunks/T3/probes/4b-A/rec/g28/hello-world/planted/t04.killonly.test.js"},{"assertionResults":[],"startTime":1789151992264,"endTime":1789151992264,"status":"passed","message":"","name":"C:/Users/alexa/AppData/Local/Temp/claude/C--Users-alexa-OneDrive-Documents-Projects-Resume-Tailor/37b2d75b-41e4-42e5-9c06-ea583f90b4f5/scratchpad/chunks/T3/probes/4b-A/rec/g28/hello-world/planted/t05.emptyskip.test.js"}]}